0 info it worked if it ends with ok
1 verbose cli [ 'node', '/usr/local/bin/npm', 'publish', '--tag', '0.2.0' ]
2 info using npm@1.4.28
3 info using node@v0.10.32
4 verbose publish [ '.' ]
5 verbose cache add [ '.', null ]
6 verbose cache add name=undefined spec="." args=[".",null]
7 verbose parsed url { protocol: null,
7 verbose parsed url   slashes: null,
7 verbose parsed url   auth: null,
7 verbose parsed url   host: null,
7 verbose parsed url   port: null,
7 verbose parsed url   hostname: null,
7 verbose parsed url   hash: null,
7 verbose parsed url   search: null,
7 verbose parsed url   query: null,
7 verbose parsed url   pathname: '.',
7 verbose parsed url   path: '.',
7 verbose parsed url   href: '.' }
8 silly lockFile 3a52ce78- .
9 verbose lock . /Users/funfungo/.npm/3a52ce78-.lock
10 verbose tar pack [ '/Users/funfungo/.npm/grunt-tmt-tiny-png/0.1.0/package.tgz',
10 verbose tar pack   '.' ]
11 verbose tarball /Users/funfungo/.npm/grunt-tmt-tiny-png/0.1.0/package.tgz
12 verbose folder .
13 info prepublish grunt-tmt-tiny-png@0.1.0
14 silly lockFile 1f1177db-tar tar://.
15 verbose lock tar://. /Users/funfungo/.npm/1f1177db-tar.lock
16 silly lockFile 12d3ca9e-t-tmt-tiny-png-0-1-0-package-tgz tar:///Users/funfungo/.npm/grunt-tmt-tiny-png/0.1.0/package.tgz
17 verbose lock tar:///Users/funfungo/.npm/grunt-tmt-tiny-png/0.1.0/package.tgz /Users/funfungo/.npm/12d3ca9e-t-tmt-tiny-png-0-1-0-package-tgz.lock
18 silly lockFile 1f1177db-tar tar://.
19 silly lockFile 1f1177db-tar tar://.
20 silly lockFile 12d3ca9e-t-tmt-tiny-png-0-1-0-package-tgz tar:///Users/funfungo/.npm/grunt-tmt-tiny-png/0.1.0/package.tgz
21 silly lockFile 12d3ca9e-t-tmt-tiny-png-0-1-0-package-tgz tar:///Users/funfungo/.npm/grunt-tmt-tiny-png/0.1.0/package.tgz
22 silly lockFile 8b8f09de-grunt-tmt-tiny-png-0-1-0-package /Users/funfungo/.npm/grunt-tmt-tiny-png/0.1.0/package
23 verbose lock /Users/funfungo/.npm/grunt-tmt-tiny-png/0.1.0/package /Users/funfungo/.npm/8b8f09de-grunt-tmt-tiny-png-0-1-0-package.lock
24 silly lockFile 8b8f09de-grunt-tmt-tiny-png-0-1-0-package /Users/funfungo/.npm/grunt-tmt-tiny-png/0.1.0/package
25 silly lockFile 8b8f09de-grunt-tmt-tiny-png-0-1-0-package /Users/funfungo/.npm/grunt-tmt-tiny-png/0.1.0/package
26 silly lockFile 3a52ce78- .
27 silly lockFile 3a52ce78- .
28 silly publish { name: 'grunt-tmt-tiny-png',
28 silly publish   description: 'The best Grunt plugin ever.',
28 silly publish   version: '0.1.0',
28 silly publish   homepage: 'https://github.com/funfungo/grunt-tmt-tiny-Png',
28 silly publish   author: { name: 'funfungo' },
28 silly publish   repository:
28 silly publish    { type: 'git',
28 silly publish      url: 'git://github.com/funfungo/grunt-tmt-tiny-Png' },
28 silly publish   bugs: { url: 'https://github.com/funfungo/grunt-tmt-tiny-Png/issues' },
28 silly publish   licenses:
28 silly publish    [ { type: 'MIT',
28 silly publish        url: 'https://github.com/funfungo/grunt-tmt-tiny-Png/blob/master/LICENSE-MIT' } ],
28 silly publish   engines: { node: '>= 0.8.0' },
28 silly publish   scripts: { test: 'grunt test' },
28 silly publish   devDependencies: { async: '^0.9.0', grunt: '~0.4.5', request: '^2.47.0' },
28 silly publish   peerDependencies: { grunt: '~0.4.5' },
28 silly publish   keywords: [ 'gruntplugin' ],
28 silly publish   readme: 'grunt-tmtTinyPng\n================\n\ncompress img/png with tinypng api base on tmt-workflow\n',
28 silly publish   readmeFilename: 'README.md',
28 silly publish   gitHead: 'd4caf1b14a39002ae7a3c345061c953711c54f73',
28 silly publish   _id: 'grunt-tmt-tiny-png@0.1.0',
28 silly publish   _shasum: '7eda33a3321018a1051a228f41d72d8c9b52f8eb',
28 silly publish   _from: '.' }
29 verbose request where is /grunt-tmt-tiny-png
30 verbose request registry https://registry.npmjs.org/
31 verbose request id e5e7134dc620cf16
32 verbose url raw /grunt-tmt-tiny-png
33 verbose url resolving [ 'https://registry.npmjs.org/', './grunt-tmt-tiny-png' ]
34 verbose url resolved https://registry.npmjs.org/grunt-tmt-tiny-png
35 verbose request where is https://registry.npmjs.org/grunt-tmt-tiny-png
36 info trying registry request attempt 1 at 00:09:21
37 http PUT https://registry.npmjs.org/grunt-tmt-tiny-png
38 http 403 https://registry.npmjs.org/grunt-tmt-tiny-png
39 verbose headers { date: 'Sun, 11 Jan 2015 16:09:23 GMT',
39 verbose headers   server: 'CouchDB/1.5.0 (Erlang OTP/R16B03)',
39 verbose headers   'content-type': 'application/json',
39 verbose headers   'cache-control': 'max-age=60',
39 verbose headers   'content-length': '2702',
39 verbose headers   'accept-ranges': 'bytes',
39 verbose headers   via: '1.1 varnish',
39 verbose headers   'x-served-by': 'cache-ty68-TYO',
39 verbose headers   'x-cache': 'MISS',
39 verbose headers   'x-cache-hits': '0',
39 verbose headers   'x-timer': 'S1420992563.176475,VS0,VE292',
39 verbose headers   'keep-alive': 'timeout=10, max=50',
39 verbose headers   connection: 'Keep-Alive' }
40 error publish Failed PUT 403
41 error Error: forbidden cannot modify pre-existing version: 0.1.0
41 error old={"name":"grunt-tmt-tiny-png","description":"The best Grunt plugin ever.","version":"0.1.0","homepage":"https://github.com/funfungo/grunt-tmt-tiny-Png","author":{"name":"funfungo"},"repository":{"type":"git","url":"git://github.com/funfungo/grunt-tmt-tiny-Png"},"bugs":{"url":"https://github.com/funfungo/grunt-tmt-tiny-Png/issues"},"licenses":[{"type":"MIT","url":"https://github.com/funfungo/grunt-tmt-tiny-Png/blob/master/LICENSE-MIT"}],"engines":{"node":">= 0.8.0"},"scripts":{"test":"grunt test"},"devDependencies":{"async":"^0.9.0","grunt":"~0.4.5","request":"^2.47.0"},"peerDependencies":{"grunt":"~0.4.5"},"keywords":["gruntplugin"],"gitHead":"d4caf1b14a39002ae7a3c345061c953711c54f73","_id":"grunt-tmt-tiny-png@0.1.0","_shasum":"18c3f57e3403104e56cb6931e893d96170c01f29","_from":".","_npmVersion":"1.4.28","_npmUser":{"name":"funfungo","email":"funfungo@foxmail.com"},"maintainers":[{"name":"funfungo","email":"funfungo@foxmail.com"}],"dist":{"shasum":"18c3f57e3403104e56cb6931e893d96170c01f29","tarball":"http://registry.npmjs.org/grunt-tmt-tiny-png/-/grunt-tmt-tiny-png-0.1.0.tgz"}}
41 error new={"name":"grunt-tmt-tiny-png","description":"The best Grunt plugin ever.","version":"0.1.0","homepage":"https://github.com/funfungo/grunt-tmt-tiny-Png","author":{"name":"funfungo"},"repository":{"type":"git","url":"git://github.com/funfungo/grunt-tmt-tiny-Png"},"bugs":{"url":"https://github.com/funfungo/grunt-tmt-tiny-Png/issues"},"licenses":[{"type":"MIT","url":"https://github.com/funfungo/grunt-tmt-tiny-Png/blob/master/LICENSE-MIT"}],"engines":{"node":">= 0.8.0"},"scripts":{"test":"grunt test"},"devDependencies":{"async":"^0.9.0","grunt":"~0.4.5","request":"^2.47.0"},"peerDependencies":{"grunt":"~0.4.5"},"keywords":["gruntplugin"],"readme":"grunt-tmtTinyPng\u000a================\u000a\u000acompress img/png with tinypng api base on tmt-workflow\u000a","readmeFilename":"README.md","gitHead":"d4caf1b14a39002ae7a3c345061c953711c54f73","_id":"grunt-tmt-tiny-png@0.1.0","_shasum":"7eda33a3321018a1051a228f41d72d8c9b52f8eb","_from":".","_npmVersion":"1.4.28","_npmUser":{"name":"funfungo","email":"funfungo@foxmail.com"},"maintainers":[{"name":"funfungo","email":"funfungo@foxmail.com"}],"dist":{"shasum":"7eda33a3321018a1051a228f41d72d8c9b52f8eb","tarball":"http://registry.npmjs.org/grunt-tmt-tiny-png/-/grunt-tmt-tiny-png-0.1.0.tgz"}}: grunt-tmt-tiny-png
41 error     at RegClient.<anonymous> (/usr/local/lib/node_modules/npm/node_modules/npm-registry-client/lib/request.js:308:14)
41 error     at Request._callback (/usr/local/lib/node_modules/npm/node_modules/npm-registry-client/lib/request.js:246:65)
41 error     at Request.self.callback (/usr/local/lib/node_modules/npm/node_modules/request/request.js:236:22)
41 error     at Request.emit (events.js:98:17)
41 error     at Request.<anonymous> (/usr/local/lib/node_modules/npm/node_modules/request/request.js:1142:14)
41 error     at Request.emit (events.js:117:20)
41 error     at IncomingMessage.<anonymous> (/usr/local/lib/node_modules/npm/node_modules/request/request.js:1096:12)
41 error     at IncomingMessage.emit (events.js:117:20)
41 error     at _stream_readable.js:943:16
41 error     at process._tickCallback (node.js:419:13)
42 error If you need help, you may report this *entire* log,
42 error including the npm and node versions, at:
42 error     <http://github.com/npm/npm/issues>
43 error System Darwin 14.0.0
44 error command "node" "/usr/local/bin/npm" "publish" "--tag" "0.2.0"
45 error cwd /Users/funfungo/Project/Git/grunt-tmt-tiny-png
46 error node -v v0.10.32
47 error npm -v 1.4.28
48 verbose exit [ 1, true ]
